<?xml version="1.0" encoding="UTF-8"?>
<testsuite xmlns:xsi="http://www.w3.org/2001/XMLSchema-instance" xsi:noNamespaceSchemaLocation="https://maven.apache.org/surefire/maven-surefire-plugin/xsd/surefire-test-report-3.0.xsd" version="3.0" name="TestSuite" time="133.263" tests="7" errors="0" skipped="0" failures="0">
  <properties>
    <property name="surefire.suiteXmlFiles" value="/testng"/>
    <property name="java.specification.version" value="15"/>
    <property name="webdriver.chrome.driver" value="C:\Users\M\.cache\selenium\chromedriver\win32\89.0.4389.23\chromedriver.exe"/>
    <property name="sun.cpu.isalist" value="amd64"/>
    <property name="sun.jnu.encoding" value="Cp1256"/>
    <property name="java.class.path" value="C:\Users\M\IdeaProjects\LastProject\target\test-classes;C:\Users\M\IdeaProjects\LastProject\target\classes;C:\Users\M\.m2\repository\org\seleniumhq\selenium\selenium-java\3.141.59\selenium-java-3.141.59.jar;C:\Users\M\.m2\repository\org\seleniumhq\selenium\selenium-api\3.141.59\selenium-api-3.141.59.jar;C:\Users\M\.m2\repository\org\seleniumhq\selenium\selenium-chrome-driver\3.141.59\selenium-chrome-driver-3.141.59.jar;C:\Users\M\.m2\repository\org\seleniumhq\selenium\selenium-edge-driver\3.141.59\selenium-edge-driver-3.141.59.jar;C:\Users\M\.m2\repository\org\seleniumhq\selenium\selenium-firefox-driver\3.141.59\selenium-firefox-driver-3.141.59.jar;C:\Users\M\.m2\repository\org\seleniumhq\selenium\selenium-ie-driver\3.141.59\selenium-ie-driver-3.141.59.jar;C:\Users\M\.m2\repository\org\seleniumhq\selenium\selenium-opera-driver\3.141.59\selenium-opera-driver-3.141.59.jar;C:\Users\M\.m2\repository\org\seleniumhq\selenium\selenium-remote-driver\3.141.59\selenium-remote-driver-3.141.59.jar;C:\Users\M\.m2\repository\org\seleniumhq\selenium\selenium-safari-driver\3.141.59\selenium-safari-driver-3.141.59.jar;C:\Users\M\.m2\repository\org\seleniumhq\selenium\selenium-support\3.141.59\selenium-support-3.141.59.jar;C:\Users\M\.m2\repository\net\bytebuddy\byte-buddy\1.8.15\byte-buddy-1.8.15.jar;C:\Users\M\.m2\repository\org\apache\commons\commons-exec\1.3\commons-exec-1.3.jar;C:\Users\M\.m2\repository\com\google\guava\guava\25.0-jre\guava-25.0-jre.jar;C:\Users\M\.m2\repository\com\google\code\findbugs\jsr305\1.3.9\jsr305-1.3.9.jar;C:\Users\M\.m2\repository\org\checkerframework\checker-compat-qual\2.0.0\checker-compat-qual-2.0.0.jar;C:\Users\M\.m2\repository\com\google\errorprone\error_prone_annotations\2.1.3\error_prone_annotations-2.1.3.jar;C:\Users\M\.m2\repository\com\google\j2objc\j2objc-annotations\1.1\j2objc-annotations-1.1.jar;C:\Users\M\.m2\repository\org\codehaus\mojo\animal-sniffer-annotations\1.14\animal-sniffer-annotations-1.14.jar;C:\Users\M\.m2\repository\com\squareup\okhttp3\okhttp\3.11.0\okhttp-3.11.0.jar;C:\Users\M\.m2\repository\com\squareup\okio\okio\1.14.0\okio-1.14.0.jar;C:\Users\M\.m2\repository\org\testng\testng\7.3.0\testng-7.3.0.jar;C:\Users\M\.m2\repository\com\beust\jcommander\1.78\jcommander-1.78.jar;C:\Users\M\.m2\repository\org\apache\ant\ant\1.10.3\ant-1.10.3.jar;C:\Users\M\.m2\repository\org\apache\ant\ant-launcher\1.10.3\ant-launcher-1.10.3.jar;C:\Users\M\.m2\repository\junit\junit\4.12\junit-4.12.jar;C:\Users\M\.m2\repository\org\hamcrest\hamcrest-core\1.3\hamcrest-core-1.3.jar;C:\Users\M\.m2\repository\com\google\inject\guice\4.2.2\guice-4.2.2-no_aop.jar;C:\Users\M\.m2\repository\javax\inject\javax.inject\1\javax.inject-1.jar;C:\Users\M\.m2\repository\aopalliance\aopalliance\1.0\aopalliance-1.0.jar;C:\Users\M\.m2\repository\org\yaml\snakeyaml\1.21\snakeyaml-1.21.jar;C:\Users\M\.m2\repository\io\github\bonigarcia\webdrivermanager\4.3.1\webdrivermanager-4.3.1.jar;C:\Users\M\.m2\repository\org\slf4j\slf4j-api\1.7.30\slf4j-api-1.7.30.jar;C:\Users\M\.m2\repository\commons-io\commons-io\2.8.0\commons-io-2.8.0.jar;C:\Users\M\.m2\repository\com\google\code\gson\gson\2.8.6\gson-2.8.6.jar;C:\Users\M\.m2\repository\org\apache\commons\commons-lang3\3.11\commons-lang3-3.11.jar;C:\Users\M\.m2\repository\org\apache\httpcomponents\client5\httpclient5\5.0.3\httpclient5-5.0.3.jar;C:\Users\M\.m2\repository\org\apache\httpcomponents\core5\httpcore5\5.0.2\httpcore5-5.0.2.jar;C:\Users\M\.m2\repository\org\apache\httpcomponents\core5\httpcore5-h2\5.0.2\httpcore5-h2-5.0.2.jar;C:\Users\M\.m2\repository\org\rauschig\jarchivelib\1.1.0\jarchivelib-1.1.0.jar;C:\Users\M\.m2\repository\org\jsoup\jsoup\1.13.1\jsoup-1.13.1.jar;C:\Users\M\.m2\repository\com\github\stephenc\monte\monte-screen-recorder\0.7.7.0\monte-screen-recorder-0.7.7.0.jar;C:\Users\M\.m2\repository\org\apache\poi\poi\4.1.2\poi-4.1.2.jar;C:\Users\M\.m2\repository\commons-codec\commons-codec\1.13\commons-codec-1.13.jar;C:\Users\M\.m2\repository\org\apache\commons\commons-collections4\4.4\commons-collections4-4.4.jar;C:\Users\M\.m2\repository\org\apache\commons\commons-math3\3.6.1\commons-math3-3.6.1.jar;C:\Users\M\.m2\repository\com\zaxxer\SparseBitSet\1.2\SparseBitSet-1.2.jar;C:\Users\M\.m2\repository\org\apache\poi\poi-ooxml\4.1.2\poi-ooxml-4.1.2.jar;C:\Users\M\.m2\repository\org\apache\poi\poi-ooxml-schemas\4.1.2\poi-ooxml-schemas-4.1.2.jar;C:\Users\M\.m2\repository\org\apache\commons\commons-compress\1.19\commons-compress-1.19.jar;C:\Users\M\.m2\repository\com\github\virtuald\curvesapi\1.06\curvesapi-1.06.jar;C:\Users\M\.m2\repository\org\apache\poi\ooxml-schemas\1.4\ooxml-schemas-1.4.jar;C:\Users\M\.m2\repository\org\apache\logging\log4j\log4j-core\2.13.3\log4j-core-2.13.3.jar;C:\Users\M\.m2\repository\org\apache\logging\log4j\log4j-api\2.13.3\log4j-api-2.13.3.jar;C:\Users\M\.m2\repository\org\apache\xmlbeans\xmlbeans\3.1.0\xmlbeans-3.1.0.jar;"/>
    <property name="sun.awt.enableExtraMouseButtons" value="true"/>
    <property name="java.vm.vendor" value="Oracle Corporation"/>
    <property name="sun.arch.data.model" value="64"/>
    <property name="user.variant" value=""/>
    <property name="java.vendor.url" value="https://java.oracle.com/"/>
    <property name="user.timezone" value="Africa/Cairo"/>
    <property name="os.name" value="Windows 10"/>
    <property name="java.vm.specification.version" value="15"/>
    <property name="sun.java.launcher" value="SUN_STANDARD"/>
    <property name="user.country" value="US"/>
    <property name="sun.boot.library.path" value="C:\Program Files\Java\jdk-15.0.2\bin"/>
    <property name="sun.java.command" value="C:\Users\M\AppData\Local\Temp\surefire11179513879156010062\surefirebooter6252970045480862646.jar C:\Users\M\AppData\Local\Temp\surefire11179513879156010062 2021-03-31T06-58-11_596-jvmRun1 surefire16779198191865546894tmp surefire_09658164970867511415tmp"/>
    <property name="jdk.debug" value="release"/>
    <property name="surefire.test.class.path" value="C:\Users\M\IdeaProjects\LastProject\target\test-classes;C:\Users\M\IdeaProjects\LastProject\target\classes;C:\Users\M\.m2\repository\org\seleniumhq\selenium\selenium-java\3.141.59\selenium-java-3.141.59.jar;C:\Users\M\.m2\repository\org\seleniumhq\selenium\selenium-api\3.141.59\selenium-api-3.141.59.jar;C:\Users\M\.m2\repository\org\seleniumhq\selenium\selenium-chrome-driver\3.141.59\selenium-chrome-driver-3.141.59.jar;C:\Users\M\.m2\repository\org\seleniumhq\selenium\selenium-edge-driver\3.141.59\selenium-edge-driver-3.141.59.jar;C:\Users\M\.m2\repository\org\seleniumhq\selenium\selenium-firefox-driver\3.141.59\selenium-firefox-driver-3.141.59.jar;C:\Users\M\.m2\repository\org\seleniumhq\selenium\selenium-ie-driver\3.141.59\selenium-ie-driver-3.141.59.jar;C:\Users\M\.m2\repository\org\seleniumhq\selenium\selenium-opera-driver\3.141.59\selenium-opera-driver-3.141.59.jar;C:\Users\M\.m2\repository\org\seleniumhq\selenium\selenium-remote-driver\3.141.59\selenium-remote-driver-3.141.59.jar;C:\Users\M\.m2\repository\org\seleniumhq\selenium\selenium-safari-driver\3.141.59\selenium-safari-driver-3.141.59.jar;C:\Users\M\.m2\repository\org\seleniumhq\selenium\selenium-support\3.141.59\selenium-support-3.141.59.jar;C:\Users\M\.m2\repository\net\bytebuddy\byte-buddy\1.8.15\byte-buddy-1.8.15.jar;C:\Users\M\.m2\repository\org\apache\commons\commons-exec\1.3\commons-exec-1.3.jar;C:\Users\M\.m2\repository\com\google\guava\guava\25.0-jre\guava-25.0-jre.jar;C:\Users\M\.m2\repository\com\google\code\findbugs\jsr305\1.3.9\jsr305-1.3.9.jar;C:\Users\M\.m2\repository\org\checkerframework\checker-compat-qual\2.0.0\checker-compat-qual-2.0.0.jar;C:\Users\M\.m2\repository\com\google\errorprone\error_prone_annotations\2.1.3\error_prone_annotations-2.1.3.jar;C:\Users\M\.m2\repository\com\google\j2objc\j2objc-annotations\1.1\j2objc-annotations-1.1.jar;C:\Users\M\.m2\repository\org\codehaus\mojo\animal-sniffer-annotations\1.14\animal-sniffer-annotations-1.14.jar;C:\Users\M\.m2\repository\com\squareup\okhttp3\okhttp\3.11.0\okhttp-3.11.0.jar;C:\Users\M\.m2\repository\com\squareup\okio\okio\1.14.0\okio-1.14.0.jar;C:\Users\M\.m2\repository\org\testng\testng\7.3.0\testng-7.3.0.jar;C:\Users\M\.m2\repository\com\beust\jcommander\1.78\jcommander-1.78.jar;C:\Users\M\.m2\repository\org\apache\ant\ant\1.10.3\ant-1.10.3.jar;C:\Users\M\.m2\repository\org\apache\ant\ant-launcher\1.10.3\ant-launcher-1.10.3.jar;C:\Users\M\.m2\repository\junit\junit\4.12\junit-4.12.jar;C:\Users\M\.m2\repository\org\hamcrest\hamcrest-core\1.3\hamcrest-core-1.3.jar;C:\Users\M\.m2\repository\com\google\inject\guice\4.2.2\guice-4.2.2-no_aop.jar;C:\Users\M\.m2\repository\javax\inject\javax.inject\1\javax.inject-1.jar;C:\Users\M\.m2\repository\aopalliance\aopalliance\1.0\aopalliance-1.0.jar;C:\Users\M\.m2\repository\org\yaml\snakeyaml\1.21\snakeyaml-1.21.jar;C:\Users\M\.m2\repository\io\github\bonigarcia\webdrivermanager\4.3.1\webdrivermanager-4.3.1.jar;C:\Users\M\.m2\repository\org\slf4j\slf4j-api\1.7.30\slf4j-api-1.7.30.jar;C:\Users\M\.m2\repository\commons-io\commons-io\2.8.0\commons-io-2.8.0.jar;C:\Users\M\.m2\repository\com\google\code\gson\gson\2.8.6\gson-2.8.6.jar;C:\Users\M\.m2\repository\org\apache\commons\commons-lang3\3.11\commons-lang3-3.11.jar;C:\Users\M\.m2\repository\org\apache\httpcomponents\client5\httpclient5\5.0.3\httpclient5-5.0.3.jar;C:\Users\M\.m2\repository\org\apache\httpcomponents\core5\httpcore5\5.0.2\httpcore5-5.0.2.jar;C:\Users\M\.m2\repository\org\apache\httpcomponents\core5\httpcore5-h2\5.0.2\httpcore5-h2-5.0.2.jar;C:\Users\M\.m2\repository\org\rauschig\jarchivelib\1.1.0\jarchivelib-1.1.0.jar;C:\Users\M\.m2\repository\org\jsoup\jsoup\1.13.1\jsoup-1.13.1.jar;C:\Users\M\.m2\repository\com\github\stephenc\monte\monte-screen-recorder\0.7.7.0\monte-screen-recorder-0.7.7.0.jar;C:\Users\M\.m2\repository\org\apache\poi\poi\4.1.2\poi-4.1.2.jar;C:\Users\M\.m2\repository\commons-codec\commons-codec\1.13\commons-codec-1.13.jar;C:\Users\M\.m2\repository\org\apache\commons\commons-collections4\4.4\commons-collections4-4.4.jar;C:\Users\M\.m2\repository\org\apache\commons\commons-math3\3.6.1\commons-math3-3.6.1.jar;C:\Users\M\.m2\repository\com\zaxxer\SparseBitSet\1.2\SparseBitSet-1.2.jar;C:\Users\M\.m2\repository\org\apache\poi\poi-ooxml\4.1.2\poi-ooxml-4.1.2.jar;C:\Users\M\.m2\repository\org\apache\poi\poi-ooxml-schemas\4.1.2\poi-ooxml-schemas-4.1.2.jar;C:\Users\M\.m2\repository\org\apache\commons\commons-compress\1.19\commons-compress-1.19.jar;C:\Users\M\.m2\repository\com\github\virtuald\curvesapi\1.06\curvesapi-1.06.jar;C:\Users\M\.m2\repository\org\apache\poi\ooxml-schemas\1.4\ooxml-schemas-1.4.jar;C:\Users\M\.m2\repository\org\apache\logging\log4j\log4j-core\2.13.3\log4j-core-2.13.3.jar;C:\Users\M\.m2\repository\org\apache\logging\log4j\log4j-api\2.13.3\log4j-api-2.13.3.jar;C:\Users\M\.m2\repository\org\apache\xmlbeans\xmlbeans\3.1.0\xmlbeans-3.1.0.jar;"/>
    <property name="sun.cpu.endian" value="little"/>
    <property name="user.home" value="C:\Users\M"/>
    <property name="user.language" value="en"/>
    <property name="java.specification.vendor" value="Oracle Corporation"/>
    <property name="java.version.date" value="2021-01-19"/>
    <property name="java.home" value="C:\Program Files\Java\jdk-15.0.2"/>
    <property name="file.separator" value="\"/>
    <property name="basedir" value="C:\Users\M\IdeaProjects\LastProject"/>
    <property name="java.vm.compressedOopsMode" value="32-bit"/>
    <property name="line.separator" value="&#10;"/>
    <property name="java.vm.specification.vendor" value="Oracle Corporation"/>
    <property name="java.specification.name" value="Java Platform API Specification"/>
    <property name="surefire.real.class.path" value="C:\Users\M\AppData\Local\Temp\surefire11179513879156010062\surefirebooter6252970045480862646.jar"/>
    <property name="user.script" value=""/>
    <property name="sun.management.compiler" value="HotSpot 64-Bit Tiered Compilers"/>
    <property name="java.runtime.version" value="15.0.2+7-27"/>
    <property name="user.name" value="M"/>
    <property name="path.separator" value=";"/>
    <property name="os.version" value="10.0"/>
    <property name="java.runtime.name" value="Java(TM) SE Runtime Environment"/>
    <property name="file.encoding" value="Cp1252"/>
    <property name="java.vm.name" value="Java HotSpot(TM) 64-Bit Server VM"/>
    <property name="localRepository" value="C:\Users\M\.m2\repository"/>
    <property name="java.vendor.url.bug" value="https://bugreport.java.com/bugreport/"/>
    <property name="java.io.tmpdir" value="C:\Users\M\AppData\Local\Temp\"/>
    <property name="java.version" value="15.0.2"/>
    <property name="user.dir" value="C:\Users\M\IdeaProjects\LastProject"/>
    <property name="os.arch" value="amd64"/>
    <property name="java.vm.specification.name" value="Java Virtual Machine Specification"/>
    <property name="sun.os.patch.level" value=""/>
    <property name="java.library.path" value="C:\Program Files\Java\jdk-15.0.2\bin;C:\WINDOWS\Sun\Java\bin;C:\WINDOWS\system32;C:\WINDOWS;C:\Program Files (x86)\Common Files\Oracle\Java\javapath;C:\Program Files\Common Files\Oracle\Java\javapath;C:\Windows\system32;C:\Windows;C:\Windows\System32\Wbem;C:\Windows\System32\WindowsPowerShell\v1.0\;C:\Windows\System32\OpenSSH\;C:\Program Files (x86)\NVIDIA Corporation\PhysX\Common;C:\WINDOWS\system32;C:\WINDOWS;C:\WINDOWS\System32\Wbem;C:\WINDOWS\System32\WindowsPowerShell\v1.0\;C:\WINDOWS\System32\OpenSSH\;C:\Program Files\Java\jdk-15.0.2\bin;D:\testing\mavn\apache-maven-3.6.3\bin;C:\Program Files\Java\jdk-15.0.2;C:\Program Files\Git\cmd;C:\Program Files\Microsoft SQL Server\Client SDK\ODBC\170\Tools\Binn\;C:\Program Files (x86)\Microsoft SQL Server\150\Tools\Binn\;C:\Program Files\Microsoft SQL Server\150\Tools\Binn\;C:\Program Files\Microsoft SQL Server\150\DTS\Binn\;C:\Program Files (x86)\Microsoft SQL Server\150\DTS\Binn\;C:\Program Files\nodejs\;C:\Program Files\Java\jre1.8.0_281\bin;C:\Users\M\AppData\Local\Programs\Python\Python38\Scripts\;C:\Users\M\AppData\Local\Programs\Python\Python38\;C:\Users\M\AppData\Local\Microsoft\WindowsApps;;C:\Users\M\AppData\Local\Programs\Microsoft VS Code\bin;C:\Users\M\AppData\Roaming\npm;C:\Program Files\JetBrains\IntelliJ IDEA Community Edition 2020.3.3\bin;;."/>
    <property name="java.vm.info" value="mixed mode, sharing"/>
    <property name="java.vendor" value="Oracle Corporation"/>
    <property name="java.vm.version" value="15.0.2+7-27"/>
    <property name="sun.io.unicode.encoding" value="UnicodeLittle"/>
    <property name="java.class.version" value="59.0"/>
  </properties>
  <testcase name="confirmHoMePage[public void testCases.HomePageTest.confirmHoMePage(java.lang.reflect.Method) throws java.lang.Exception](1)" classname="testCases.HomePageTest" time="7.499">
    <system-out><![CDATA[Before navigating to: 'http://automationpractice.com/index.php'
Navigated to:'http://automationpractice.com/index.php'
Trying to find Element By : By.xpath: //a[@title='Log in to your customer account']
Found Element By : By.xpath: //a[@title='Log in to your customer account']
Trying to click on: [[ChromeDriver: chrome on WINDOWS (4cc54ae0506386ca2db044d69a464ec6)] -> xpath: //a[@title='Log in to your customer account']]
Clicked on: [[ChromeDriver: chrome on WINDOWS (4cc54ae0506386ca2db044d69a464ec6)] -> xpath: //a[@title='Log in to your customer account']]
Trying to find Element By : By.id: email
Found Element By : By.id: email
Trying to find Element By : By.id: passwd
Found Element By : By.id: passwd
Trying to find Element By : By.name: SubmitLogin
Found Element By : By.name: SubmitLogin
Trying to click on: [[ChromeDriver: chrome on WINDOWS (4cc54ae0506386ca2db044d69a464ec6)] -> name: SubmitLogin]
Clicked on: [[ChromeDriver: chrome on WINDOWS (4cc54ae0506386ca2db044d69a464ec6)] -> name: SubmitLogin]
Trying to find Element By : By.xpath: //span[normalize-space()='mosta mostafa']
Found Element By : By.xpath: //span[normalize-space()='mosta mostafa']
]]></system-out>
    <system-err><![CDATA[SLF4J: Failed to load class "org.slf4j.impl.StaticLoggerBinder".
SLF4J: Defaulting to no-operation (NOP) logger implementation
SLF4J: See http://www.slf4j.org/codes.html#StaticLoggerBinder for further details.
Starting ChromeDriver 89.0.4389.23 (61b08ee2c50024bab004e48d2b1b083cdbdac579-refs/branch-heads/4389@{#294}) on port 20459
Only local connections are allowed.
Please see https://chromedriver.chromium.org/security-considerations for suggestions on keeping ChromeDriver safe.
ChromeDriver was started successfully.
Mar 31, 2021 6:58:18 AM org.openqa.selenium.remote.ProtocolHandshake createSession
INFO: Detected dialect: W3C
]]></system-err>
  </testcase>
  <testcase name="confirmMainPage[chrome, public void testCases.mainPageTest.confirmMainPage(java.lang.String,java.lang.reflect.Method) throws java.lang.Exception](1)" classname="testCases.mainPageTest" time="12.861">
    <system-out><![CDATA[Sucess
Before navigating to: 'http://automationpractice.com/index.php'
Navigated to:'http://automationpractice.com/index.php'
]]></system-out>
    <system-err><![CDATA[Starting ChromeDriver 89.0.4389.23 (61b08ee2c50024bab004e48d2b1b083cdbdac579-refs/branch-heads/4389@{#294}) on port 4325
Only local connections are allowed.
Please see https://chromedriver.chromium.org/security-considerations for suggestions on keeping ChromeDriver safe.
ChromeDriver was started successfully.
Mar 31, 2021 6:58:40 AM org.openqa.selenium.remote.ProtocolHandshake createSession
INFO: Detected dialect: W3C
]]></system-err>
  </testcase>
  <testcase name="login[public void testCases.LoginPageTest.login(java.lang.reflect.Method) throws java.lang.Exception](1)" classname="testCases.LoginPageTest" time="5.579">
    <system-out><![CDATA[Sucess
Before navigating to: 'http://automationpractice.com/index.php'
Navigated to:'http://automationpractice.com/index.php'
Trying to find Element By : By.xpath: //a[@title='Log in to your customer account']
Found Element By : By.xpath: //a[@title='Log in to your customer account']
Trying to click on: [[ChromeDriver: chrome on WINDOWS (4f78e8ae8355e365709ad9069d504f95)] -> xpath: //a[@title='Log in to your customer account']]
Clicked on: [[ChromeDriver: chrome on WINDOWS (4f78e8ae8355e365709ad9069d504f95)] -> xpath: //a[@title='Log in to your customer account']]
Trying to find Element By : By.id: email
Found Element By : By.id: email
Trying to find Element By : By.id: passwd
Found Element By : By.id: passwd
Trying to find Element By : By.name: SubmitLogin
Found Element By : By.name: SubmitLogin
Trying to click on: [[ChromeDriver: chrome on WINDOWS (4f78e8ae8355e365709ad9069d504f95)] -> name: SubmitLogin]
Clicked on: [[ChromeDriver: chrome on WINDOWS (4f78e8ae8355e365709ad9069d504f95)] -> name: SubmitLogin]
]]></system-out>
    <system-err><![CDATA[Starting ChromeDriver 89.0.4389.23 (61b08ee2c50024bab004e48d2b1b083cdbdac579-refs/branch-heads/4389@{#294}) on port 8659
Only local connections are allowed.
Please see https://chromedriver.chromium.org/security-considerations for suggestions on keeping ChromeDriver safe.
ChromeDriver was started successfully.
Mar 31, 2021 6:58:53 AM org.openqa.selenium.remote.ProtocolHandshake createSession
INFO: Detected dialect: W3C
]]></system-err>
  </testcase>
  <testcase name="loginWithWrongData[1235@hfif.com, 2158m, public void testCases.LoginPageTest.loginWithWrongData(java.lang.String,java.lang.String,java.lang.reflect.Method) throws java.lang.Exception](1)" classname="testCases.LoginPageTest" time="3.836">
    <system-out><![CDATA[Sucess
12345.0
Before navigating to: 'http://automationpractice.com/index.php'
Navigated to:'http://automationpractice.com/index.php'
Trying to find Element By : By.xpath: //a[@title='Log in to your customer account']
Found Element By : By.xpath: //a[@title='Log in to your customer account']
Trying to click on: [[ChromeDriver: chrome on WINDOWS (20d018c668a290ce85fa3fee5daa33fc)] -> xpath: //a[@title='Log in to your customer account']]
Clicked on: [[ChromeDriver: chrome on WINDOWS (20d018c668a290ce85fa3fee5daa33fc)] -> xpath: //a[@title='Log in to your customer account']]
Trying to find Element By : By.id: email
Found Element By : By.id: email
Trying to find Element By : By.id: passwd
Found Element By : By.id: passwd
Trying to find Element By : By.name: SubmitLogin
Found Element By : By.name: SubmitLogin
Trying to click on: [[ChromeDriver: chrome on WINDOWS (20d018c668a290ce85fa3fee5daa33fc)] -> name: SubmitLogin]
Clicked on: [[ChromeDriver: chrome on WINDOWS (20d018c668a290ce85fa3fee5daa33fc)] -> name: SubmitLogin]
]]></system-out>
    <system-err><![CDATA[Starting ChromeDriver 89.0.4389.23 (61b08ee2c50024bab004e48d2b1b083cdbdac579-refs/branch-heads/4389@{#294}) on port 8611
Only local connections are allowed.
Please see https://chromedriver.chromium.org/security-considerations for suggestions on keeping ChromeDriver safe.
ChromeDriver was started successfully.
Mar 31, 2021 6:59:12 AM org.openqa.selenium.remote.ProtocolHandshake createSession
INFO: Detected dialect: W3C
]]></system-err>
  </testcase>
  <testcase name="loginWithWrongData[nnjrjos1u@tmail.ws, Elsayed, public void testCases.LoginPageTest.loginWithWrongData(java.lang.String,java.lang.String,java.lang.reflect.Method) throws java.lang.Exception](2)" classname="testCases.LoginPageTest" time="4.861">
    <system-out><![CDATA[Sucess
Before navigating to: 'http://automationpractice.com/index.php'
Navigated to:'http://automationpractice.com/index.php'
Trying to find Element By : By.xpath: //a[@title='Log in to your customer account']
Found Element By : By.xpath: //a[@title='Log in to your customer account']
Trying to click on: [[ChromeDriver: chrome on WINDOWS (ab3c2381a5dbfcf3172fe41a0c1700a7)] -> xpath: //a[@title='Log in to your customer account']]
Clicked on: [[ChromeDriver: chrome on WINDOWS (ab3c2381a5dbfcf3172fe41a0c1700a7)] -> xpath: //a[@title='Log in to your customer account']]
Trying to find Element By : By.id: email
Found Element By : By.id: email
Trying to find Element By : By.id: passwd
Found Element By : By.id: passwd
Trying to find Element By : By.name: SubmitLogin
Found Element By : By.name: SubmitLogin
Trying to click on: [[ChromeDriver: chrome on WINDOWS (ab3c2381a5dbfcf3172fe41a0c1700a7)] -> name: SubmitLogin]
Clicked on: [[ChromeDriver: chrome on WINDOWS (ab3c2381a5dbfcf3172fe41a0c1700a7)] -> name: SubmitLogin]
]]></system-out>
    <system-err><![CDATA[Starting ChromeDriver 89.0.4389.23 (61b08ee2c50024bab004e48d2b1b083cdbdac579-refs/branch-heads/4389@{#294}) on port 46425
Only local connections are allowed.
Please see https://chromedriver.chromium.org/security-considerations for suggestions on keeping ChromeDriver safe.
ChromeDriver was started successfully.
Mar 31, 2021 6:59:29 AM org.openqa.selenium.remote.ProtocolHandshake createSession
INFO: Detected dialect: W3C
]]></system-err>
  </testcase>
  <testcase name="loginWithWrongData[nnjrjos1u@tmail.wsd, 12345.0, public void testCases.LoginPageTest.loginWithWrongData(java.lang.String,java.lang.String,java.lang.reflect.Method) throws java.lang.Exception](3)" classname="testCases.LoginPageTest" time="4.541">
    <system-out><![CDATA[Sucess
Before navigating to: 'http://automationpractice.com/index.php'
Navigated to:'http://automationpractice.com/index.php'
Trying to find Element By : By.xpath: //a[@title='Log in to your customer account']
Found Element By : By.xpath: //a[@title='Log in to your customer account']
Trying to click on: [[ChromeDriver: chrome on WINDOWS (3bc18ee7935d0aa7d53d11bcfc0a91d4)] -> xpath: //a[@title='Log in to your customer account']]
Clicked on: [[ChromeDriver: chrome on WINDOWS (3bc18ee7935d0aa7d53d11bcfc0a91d4)] -> xpath: //a[@title='Log in to your customer account']]
Trying to find Element By : By.id: email
Found Element By : By.id: email
Trying to find Element By : By.id: passwd
Found Element By : By.id: passwd
Trying to find Element By : By.name: SubmitLogin
Found Element By : By.name: SubmitLogin
Trying to click on: [[ChromeDriver: chrome on WINDOWS (3bc18ee7935d0aa7d53d11bcfc0a91d4)] -> name: SubmitLogin]
Clicked on: [[ChromeDriver: chrome on WINDOWS (3bc18ee7935d0aa7d53d11bcfc0a91d4)] -> name: SubmitLogin]
]]></system-out>
    <system-err><![CDATA[Starting ChromeDriver 89.0.4389.23 (61b08ee2c50024bab004e48d2b1b083cdbdac579-refs/branch-heads/4389@{#294}) on port 41902
Only local connections are allowed.
Please see https://chromedriver.chromium.org/security-considerations for suggestions on keeping ChromeDriver safe.
ChromeDriver was started successfully.
Mar 31, 2021 6:59:47 AM org.openqa.selenium.remote.ProtocolHandshake createSession
INFO: Detected dialect: W3C
]]></system-err>
  </testcase>
  <testcase name="checkTops[public void testCases.CheckTopsTest.checkTops(java.lang.reflect.Method) throws java.lang.Exception](1)" classname="testCases.CheckTopsTest" time="9.853">
    <system-out><![CDATA[Sucess
Before navigating to: 'http://automationpractice.com/index.php'
Navigated to:'http://automationpractice.com/index.php'
Trying to find Element By : By.xpath: //a[@title='Log in to your customer account']
Found Element By : By.xpath: //a[@title='Log in to your customer account']
Trying to click on: [[ChromeDriver: chrome on WINDOWS (a6a4519c36c488e2df9114df3a8a1a3c)] -> xpath: //a[@title='Log in to your customer account']]
Clicked on: [[ChromeDriver: chrome on WINDOWS (a6a4519c36c488e2df9114df3a8a1a3c)] -> xpath: //a[@title='Log in to your customer account']]
Trying to find Element By : By.id: email
Found Element By : By.id: email
Trying to find Element By : By.id: passwd
Found Element By : By.id: passwd
Trying to find Element By : By.name: SubmitLogin
Found Element By : By.name: SubmitLogin
Trying to click on: [[ChromeDriver: chrome on WINDOWS (a6a4519c36c488e2df9114df3a8a1a3c)] -> name: SubmitLogin]
Clicked on: [[ChromeDriver: chrome on WINDOWS (a6a4519c36c488e2df9114df3a8a1a3c)] -> name: SubmitLogin]
Trying to find Element By : By.xpath: //a[@title='Women']
Found Element By : By.xpath: //a[@title='Women']
Trying to find Element By : By.xpath: //a[@title='Tops']
Found Element By : By.xpath: //a[@title='Tops']
Trying to click on: [[ChromeDriver: chrome on WINDOWS (a6a4519c36c488e2df9114df3a8a1a3c)] -> xpath: //a[@title='Tops']]
Clicked on: [[ChromeDriver: chrome on WINDOWS (a6a4519c36c488e2df9114df3a8a1a3c)] -> xpath: //a[@title='Tops']]
Trying to find Element By : By.xpath: //p[@class='subcategory-heading']
Found Element By : By.xpath: //p[@class='subcategory-heading']
Trying to find Element By : By.xpath: //p[@class='subcategory-heading']
Found Element By : By.xpath: //p[@class='subcategory-heading']
]]></system-out>
    <system-err><![CDATA[Starting ChromeDriver 89.0.4389.23 (61b08ee2c50024bab004e48d2b1b083cdbdac579-refs/branch-heads/4389@{#294}) on port 35278
Only local connections are allowed.
Please see https://chromedriver.chromium.org/security-considerations for suggestions on keeping ChromeDriver safe.
ChromeDriver was started successfully.
Mar 31, 2021 7:00:04 AM org.openqa.selenium.remote.ProtocolHandshake createSession
INFO: Detected dialect: W3C
]]></system-err>
  </testcase>
</testsuite>