<?xml version="1.0" encoding="UTF-8"?>
<!-- Generated by org.testng.reporters.JUnitReportReporter -->
<testsuite hostname="DESKTOP-Q0GD9FJ" failures="0" tests="1" name="testCases.mainPageTest" time="14.366" errors="0" timestamp="2021-03-31T20:15:34 EET" skipped="0">
  <testcase classname="testCases.mainPageTest" name="confirmMainPage" time="14.366"/>
  <system-out/>
</testsuite> <!-- testCases.mainPageTest -->
