<?xml version="1.0" encoding="UTF-8"?>
<!-- Generated by org.testng.reporters.JUnitReportReporter -->
<testsuite hostname="DESKTOP-Q0GD9FJ" failures="0" tests="4" name="testCases.LoginPageTest" time="71.430" errors="0" timestamp="2021-03-31T07:00:26 EET" skipped="0">
  <testcase classname="testCases.LoginPageTest" name="login" time="19.056"/>
  <system-out/>
  <testcase classname="testCases.LoginPageTest" name="loginWithWrongData" time="16.862"/>
  <system-out/>
  <testcase classname="testCases.LoginPageTest" name="loginWithWrongData" time="17.437"/>
  <system-out/>
  <testcase classname="testCases.LoginPageTest" name="loginWithWrongData" time="18.075"/>
  <system-out/>
</testsuite> <!-- testCases.LoginPageTest -->
