<?xml version="1.0" encoding="UTF-8"?>
<!-- Generated by org.testng.reporters.JUnitReportReporter -->
<testsuite hostname="DESKTOP-Q0GD9FJ" failures="0" tests="1" name="testCases.HomePageTest" time="24.016" errors="0" timestamp="2021-03-31T07:00:26 EET" skipped="0">
  <testcase classname="testCases.HomePageTest" name="confirmHoMePage" time="24.016"/>
  <system-out/>
</testsuite> <!-- testCases.HomePageTest -->
